This is pdfTeX, Version 3.141592653-2.6-1.40.25 (MiKTeX 24.1) (preloaded format=pdflatex 2024.1.31)  31 JAN 2024 08:49
entering extended mode
 restricted \write18 enabled.
 %&-line parsing enabled.
**C:/Users/bav/GitHub/CARRA-evaluation/plot_compilation_src/plot_compilation.te
x

(C:/Users/bav/GitHub/CARRA-evaluation/plot_compilation_src/plot_compilation.tex
LaTeX2e <2023-11-01> patch level 1
L3 programming layer <2024-01-04>
(C:\Users\bav\AppData\Local\Programs\MiKTeX\tex/latex/base\article.cls
Document Class: article 2023/05/17 v1.4n Standard LaTeX document class
(C:\Users\bav\AppData\Local\Programs\MiKTeX\tex/latex/base\size10.clo
File: size10.clo 2023/05/17 v1.4n Standard LaTeX file (size option)
)
\c@part=\count187
\c@section=\count188
\c@subsection=\count189
\c@subsubsection=\count190
\c@paragraph=\count191
\c@subparagraph=\count192
\c@figure=\count193
\c@table=\count194
\abovecaptionskip=\skip48
\belowcaptionskip=\skip49
\bibindent=\dimen140
)
(C:\Users\bav\AppData\Local\Programs\MiKTeX\tex/latex/hyperref\hyperref.sty
Package: hyperref 2023-11-26 v7.01g Hypertext links for LaTeX

(C:\Users\bav\AppData\Local\Programs\MiKTeX\tex/generic/iftex\iftex.sty
Package: iftex 2022/02/03 v1.0f TeX engine tests
)
(C:\Users\bav\AppData\Local\Programs\MiKTeX\tex/generic/infwarerr\infwarerr.sty
Package: infwarerr 2019/12/03 v1.5 Providing info/warning/error messages (HO)
) (C:\Users\bav\AppData\Local\Programs\MiKTeX\tex/latex/graphics\keyval.sty
Package: keyval 2022/05/29 v1.15 key=value parser (DPC)
\KV@toks@=\toks17
)
(C:\Users\bav\AppData\Local\Programs\MiKTeX\tex/latex/kvsetkeys\kvsetkeys.sty
Package: kvsetkeys 2022-10-05 v1.19 Key value parser (HO)
)
(C:\Users\bav\AppData\Local\Programs\MiKTeX\tex/generic/kvdefinekeys\kvdefineke
ys.sty
Package: kvdefinekeys 2019-12-19 v1.6 Define keys (HO)
)
(C:\Users\bav\AppData\Local\Programs\MiKTeX\tex/generic/pdfescape\pdfescape.sty
Package: pdfescape 2019/12/09 v1.15 Implements pdfTeX's escape features (HO)
(C:\Users\bav\AppData\Local\Programs\MiKTeX\tex/generic/ltxcmds\ltxcmds.sty
Package: ltxcmds 2023-12-04 v1.26 LaTeX kernel commands for general use (HO)
)
(C:\Users\bav\AppData\Local\Programs\MiKTeX\tex/generic/pdftexcmds\pdftexcmds.s
ty
Package: pdftexcmds 2020-06-27 v0.33 Utility functions of pdfTeX for LuaTeX (HO
)
Package pdftexcmds Info: \pdf@primitive is available.
Package pdftexcmds Info: \pdf@ifprimitive is available.
Package pdftexcmds Info: \pdfdraftmode found.
)) (C:\Users\bav\AppData\Local\Programs\MiKTeX\tex/latex/hycolor\hycolor.sty
Package: hycolor 2020-01-27 v1.10 Color options for hyperref/bookmark (HO)
)
(C:\Users\bav\AppData\Local\Programs\MiKTeX\tex/latex/letltxmacro\letltxmacro.s
ty
Package: letltxmacro 2019/12/03 v1.6 Let assignment for LaTeX macros (HO)
) (C:\Users\bav\AppData\Local\Programs\MiKTeX\tex/latex/auxhook\auxhook.sty
Package: auxhook 2019-12-17 v1.6 Hooks for auxiliary files (HO)
)
(C:\Users\bav\AppData\Local\Programs\MiKTeX\tex/latex/hyperref\nameref.sty
Package: nameref 2023-11-26 v2.56 Cross-referencing by name of section

(C:\Users\bav\AppData\Local\Programs\MiKTeX\tex/latex/refcount\refcount.sty
Package: refcount 2019/12/15 v3.6 Data extraction from label references (HO)
)
(C:\Users\bav\AppData\Local\Programs\MiKTeX\tex/generic/gettitlestring\gettitle
string.sty
Package: gettitlestring 2019/12/15 v1.6 Cleanup title references (HO)

(C:\Users\bav\AppData\Local\Programs\MiKTeX\tex/latex/kvoptions\kvoptions.sty
Package: kvoptions 2022-06-15 v3.15 Key value format for package options (HO)
))
\c@section@level=\count195
) (C:\Users\bav\AppData\Local\Programs\MiKTeX\tex/latex/etoolbox\etoolbox.sty
Package: etoolbox 2020/10/05 v2.5k e-TeX tools for LaTeX (JAW)
\etb@tempcnta=\count196
)
\@linkdim=\dimen141
\Hy@linkcounter=\count197
\Hy@pagecounter=\count198

(C:\Users\bav\AppData\Local\Programs\MiKTeX\tex/latex/hyperref\pd1enc.def
File: pd1enc.def 2023-11-26 v7.01g Hyperref: PDFDocEncoding definition (HO)
Now handling font encoding PD1 ...
... no UTF-8 mapping file for font encoding PD1
)
(C:\Users\bav\AppData\Local\Programs\MiKTeX\tex/generic/intcalc\intcalc.sty
Package: intcalc 2019/12/15 v1.3 Expandable calculations with integers (HO)
)
\Hy@SavedSpaceFactor=\count199

(C:\Users\bav\AppData\Local\Programs\MiKTeX\tex/latex/hyperref\puenc.def
File: puenc.def 2023-11-26 v7.01g Hyperref: PDF Unicode definition (HO)
Now handling font encoding PU ...
... no UTF-8 mapping file for font encoding PU
)
Package hyperref Info: Hyper figures OFF on input line 4181.
Package hyperref Info: Link nesting OFF on input line 4186.
Package hyperref Info: Hyper index ON on input line 4189.
Package hyperref Info: Plain pages OFF on input line 4196.
Package hyperref Info: Backreferencing OFF on input line 4201.
Package hyperref Info: Implicit mode ON; LaTeX internals redefined.
Package hyperref Info: Bookmarks ON on input line 4448.
\c@Hy@tempcnt=\count266

(C:\Users\bav\AppData\Local\Programs\MiKTeX\tex/latex/url\url.sty
\Urlmuskip=\muskip16
Package: url 2013/09/16  ver 3.4  Verb mode for urls, etc.
)
LaTeX Info: Redefining \url on input line 4786.
\XeTeXLinkMargin=\dimen142

(C:\Users\bav\AppData\Local\Programs\MiKTeX\tex/generic/bitset\bitset.sty
Package: bitset 2019/12/09 v1.3 Handle bit-vector datatype (HO)

(C:\Users\bav\AppData\Local\Programs\MiKTeX\tex/generic/bigintcalc\bigintcalc.s
ty
Package: bigintcalc 2019/12/15 v1.5 Expandable calculations on big integers (HO
)
))
\Fld@menulength=\count267
\Field@Width=\dimen143
\Fld@charsize=\dimen144
Package hyperref Info: Hyper figures OFF on input line 6065.
Package hyperref Info: Link nesting OFF on input line 6070.
Package hyperref Info: Hyper index ON on input line 6073.
Package hyperref Info: backreferencing OFF on input line 6080.
Package hyperref Info: Link coloring OFF on input line 6085.
Package hyperref Info: Link coloring with OCG OFF on input line 6090.
Package hyperref Info: PDF/A mode OFF on input line 6095.

(C:\Users\bav\AppData\Local\Programs\MiKTeX\tex/latex/base\atbegshi-ltx.sty
Package: atbegshi-ltx 2021/01/10 v1.0c Emulation of the original atbegshi
package with kernel methods
)
\Hy@abspage=\count268
\c@Item=\count269
\c@Hfootnote=\count270
)
Package hyperref Info: Driver (autodetected): hpdftex.

(C:\Users\bav\AppData\Local\Programs\MiKTeX\tex/latex/hyperref\hpdftex.def
File: hpdftex.def 2023-11-26 v7.01g Hyperref driver for pdfTeX

(C:\Users\bav\AppData\Local\Programs\MiKTeX\tex/latex/base\atveryend-ltx.sty
Package: atveryend-ltx 2020/08/19 v1.0a Emulation of the original atveryend pac
kage
with kernel methods
)
\Fld@listcount=\count271
\c@bookmark@seq@number=\count272

(C:\Users\bav\AppData\Local\Programs\MiKTeX\tex/latex/rerunfilecheck\rerunfilec
heck.sty
Package: rerunfilecheck 2022-07-10 v1.10 Rerun checks for auxiliary files (HO)

(C:\Users\bav\AppData\Local\Programs\MiKTeX\tex/generic/uniquecounter\uniquecou
nter.sty
Package: uniquecounter 2019/12/15 v1.4 Provide unlimited unique counter (HO)
)
Package uniquecounter Info: New unique counter `rerunfilecheck' on input line 2
85.
)
\Hy@SectionHShift=\skip50
)

Package hyperref Warning: Option `pdftex' has already been used,
(hyperref)                setting the option has no effect on input line 8.

Package hyperref Info: Option `colorlinks' set `true' on input line 8.
(C:\Users\bav\AppData\Local\Programs\MiKTeX\tex/latex/oberdiek\hypcap.sty
Package: hypcap 2016/05/16 v1.12 Adjusting the anchors of captions (HO)
)
(C:\Users\bav\AppData\Local\Programs\MiKTeX\tex/latex/l3backend\l3backend-pdfte
x.def
File: l3backend-pdftex.def 2024-01-04 L3 backend support: PDF output (pdfTeX)
\l__color_backend_stack_int=\count273
\l__pdf_internal_box=\box51
)
No file plot_compilation.aux.
\openout1 = `plot_compilation.aux'.

LaTeX Font Info:    Checking defaults for OML/cmm/m/it on input line 12.
LaTeX Font Info:    ... okay on input line 12.
LaTeX Font Info:    Checking defaults for OMS/cmsy/m/n on input line 12.
LaTeX Font Info:    ... okay on input line 12.
LaTeX Font Info:    Checking defaults for OT1/cmr/m/n on input line 12.
LaTeX Font Info:    ... okay on input line 12.
LaTeX Font Info:    Checking defaults for T1/cmr/m/n on input line 12.
LaTeX Font Info:    ... okay on input line 12.
LaTeX Font Info:    Checking defaults for TS1/cmr/m/n on input line 12.
LaTeX Font Info:    ... okay on input line 12.
LaTeX Font Info:    Checking defaults for OMX/cmex/m/n on input line 12.
LaTeX Font Info:    ... okay on input line 12.
LaTeX Font Info:    Checking defaults for U/cmr/m/n on input line 12.
LaTeX Font Info:    ... okay on input line 12.
LaTeX Font Info:    Checking defaults for PD1/pdf/m/n on input line 12.
LaTeX Font Info:    ... okay on input line 12.
LaTeX Font Info:    Checking defaults for PU/pdf/m/n on input line 12.
LaTeX Font Info:    ... okay on input line 12.
(C:\Users\bav\AppData\Local\Programs\MiKTeX\tex/latex/graphics\color.sty
Package: color 2022/01/06 v1.3d Standard LaTeX Color (DPC)

(C:\Users\bav\AppData\Local\Programs\MiKTeX\tex/latex/graphics-cfg\color.cfg
File: color.cfg 2016/01/02 v1.6 sample color configuration
)
Package color Info: Driver file: pdftex.def on input line 149.

(C:\Users\bav\AppData\Local\Programs\MiKTeX\tex/latex/graphics-def\pdftex.def
File: pdftex.def 2022/09/22 v1.2b Graphics/color driver for pdftex

(C:\Users\bav\AppData\Local\Programs\MiKTeX\tex/context/base/mkii\supp-pdf.mkii
[Loading MPS to PDF converter (version 2006.09.02).]
\scratchcounter=\count274
\scratchdimen=\dimen145
\scratchbox=\box52
\nofMPsegments=\count275
\nofMParguments=\count276
\everyMPshowfont=\toks18
\MPscratchCnt=\count277
\MPscratchDim=\dimen146
\MPnumerator=\count278
\makeMPintoPDFobject=\count279
\everyMPtoPDFconversion=\toks19
)) (C:\Users\bav\AppData\Local\Programs\MiKTeX\tex/latex/graphics\mathcolor.ltx
))
Package hyperref Info: Link coloring ON on input line 12.
\@outlinefile=\write3
\openout3 = `plot_compilation.out'.


No file plot_compilation.toc.
\tf@toc=\write4
\openout4 = `plot_compilation.toc'.

[1

{C:/Users/bav/AppData/Local/MiKTeX/fonts/map/pdftex/pdftex.map}]
! Missing $ inserted.
<inserted text> 
                $
l.17 \section{t_u}
                  
? y
Type <return> to proceed, S to scroll future error messages,
R to run without stopping, Q to run quietly,
I to insert something, E to edit your file,
1 or ... or 9 to ignore the next 1 to 9 tokens of input,
H for help, X to quit.
? 
LaTeX Font Info:    External font `cmex10' loaded for size
(Font)              <14.4> on input line 17.
LaTeX Font Info:    External font `cmex10' loaded for size
(Font)              <7> on input line 17.
! Missing $ inserted.
<inserted text> 
                $
l.17 \section{t_u}
                  
? 

Package hyperref Warning: Token not allowed in a PDF string (Unicode):
(hyperref)                removing `subscript' on input line 17.

! Missing $ inserted.
<inserted text> 
                $
l.19 \caption{Evaluation of t_u at CEN2}
                                        
? 
LaTeX Font Info:    External font `cmex10' loaded for size
(Font)              <5> on input line 19.
! Missing $ inserted.
<inserted text> 
                $
l.19 \caption{Evaluation of t_u at CEN2}
                                        
? 
! Undefined control sequence.
l.21 \includegraphics
                     [width=0.45	extwidth]{../figures/CARRA_vs_AWS/CEN2_t_u....

? 
! Missing $ inserted.
<inserted text> 
                $
l.21 ...ics[width=0.45	extwidth]{../figures/CARRA_
                                                  vs_AWS/CEN2_t_u.png}
? 
! Double subscript.
l.21 ...	extwidth]{../figures/CARRA_vs_AWS/CEN2_t_
                                                  u.png}
? 
! Extra }, or forgotten $.
l.21 ...dth]{../figures/CARRA_vs_AWS/CEN2_t_u.png}
                                                  
? 
! Missing $ inserted.
<inserted text> 
                $
l.22 \end{figure}
                 
? 
! Missing } inserted.
<inserted text> 
                }
l.22 \end{figure}
                 
? 
! Missing $ inserted.
<inserted text> 
                $
l.25 \caption{Evaluation of t_u at KAN_U}
                                         
? 
! Missing $ inserted.
<inserted text> 
                $
l.25 \caption{Evaluation of t_u at KAN_U}
                                         
? 
! Undefined control sequence.
l.27 \includegraphics
                     [width=0.45	extwidth]{../figures/CARRA_vs_AWS/KAN_U_t_u...

? 
! Missing $ inserted.
<inserted text> 
                $
l.27 ...ics[width=0.45	extwidth]{../figures/CARRA_
                                                  vs_AWS/KAN_U_t_u.png}
? 
! Double subscript.
l.27 ...5	extwidth]{../figures/CARRA_vs_AWS/KAN_U_
                                                  t_u.png}
? 
! Double subscript.
l.27 ...extwidth]{../figures/CARRA_vs_AWS/KAN_U_t_
                                                  u.png}
? 
! Extra }, or forgotten $.
l.27 ...th]{../figures/CARRA_vs_AWS/KAN_U_t_u.png}
                                                  
? 
! Missing $ inserted.
<inserted text> 
                $
l.28 \end{figure}
                 
? 
! Missing } inserted.
<inserted text> 
                }
l.28 \end{figure}
                 
? 
! Missing $ inserted.
<inserted text> 
                $
l.30 \section{p_u}
                  
? 
! Missing $ inserted.
<inserted text> 
                $
l.30 \section{p_u}
                  
? 

Package hyperref Warning: Token not allowed in a PDF string (Unicode):
(hyperref)                removing `subscript' on input line 30.

! Missing $ inserted.
<inserted text> 
                $
l.32 \caption{Evaluation of p_u at CEN2}
                                        
? 
! Missing $ inserted.
<inserted text> 
                $
l.32 \caption{Evaluation of p_u at CEN2}
                                        
? 
! Undefined control sequence.
l.34 \includegraphics
                     [width=0.45	extwidth]{../figures/CARRA_vs_AWS/CEN2_p_u....

? 
! Missing $ inserted.
<inserted text> 
                $
l.34 ...ics[width=0.45	extwidth]{../figures/CARRA_
                                                  vs_AWS/CEN2_p_u.png}
? 
! Double subscript.
l.34 ...	extwidth]{../figures/CARRA_vs_AWS/CEN2_p_
                                                  u.png}
? 
! Extra }, or forgotten $.
l.34 ...dth]{../figures/CARRA_vs_AWS/CEN2_p_u.png}
                                                  
? 
! Missing $ inserted.
<inserted text> 
                $
l.35 \end{figure}
                 
? 
! Missing } inserted.
<inserted text> 
                }
l.35 \end{figure}
                 
? 
! Missing $ inserted.
<inserted text> 
                $
l.38 \caption{Evaluation of p_u at KAN_U}
                                         
? 
! Missing $ inserted.
<inserted text> 
                $
l.38 \caption{Evaluation of p_u at KAN_U}
                                         
? 
! Undefined control sequence.
l.40 \includegraphics
                     [width=0.45	extwidth]{../figures/CARRA_vs_AWS/KAN_U_p_u...

? 
! Missing $ inserted.
<inserted text> 
                $
l.40 ...ics[width=0.45	extwidth]{../figures/CARRA_
                                                  vs_AWS/KAN_U_p_u.png}
? 
! Double subscript.
l.40 ...5	extwidth]{../figures/CARRA_vs_AWS/KAN_U_
                                                  p_u.png}
? 
! Double subscript.
l.40 ...extwidth]{../figures/CARRA_vs_AWS/KAN_U_p_
                                                  u.png}
? 
! Extra }, or forgotten $.
l.40 ...th]{../figures/CARRA_vs_AWS/KAN_U_p_u.png}
                                                  
? 
! Missing $ inserted.
<inserted text> 
                $
l.41 \end{figure}
                 
? 
! Missing } inserted.
<inserted text> 
                }
l.41 \end{figure}
                 
? 
[2] (plot_compilation.aux)
 ***********
LaTeX2e <2023-11-01> patch level 1
L3 programming layer <2024-01-04>
 ***********


Package rerunfilecheck Warning: File `plot_compilation.out' has changed.
(rerunfilecheck)                Rerun to get outlines right
(rerunfilecheck)                or use package `bookmark'.

Package rerunfilecheck Info: Checksums for `plot_compilation.out':
(rerunfilecheck)             Before: <no file>
(rerunfilecheck)             After:  71FE7A02143073A3BC87D1D31EF06E10;106.
 ) 
Here is how much of TeX's memory you used:
 8110 strings out of 474485
 127584 string characters out of 5744678
 1928542 words of memory out of 5000000
 30336 multiletter control sequences out of 15000+600000
 559289 words of font info for 40 fonts, out of 8000000 for 9000
 1141 hyphenation exceptions out of 8191
 75i,5n,79p,316b,437s stack positions out of 10000i,1000n,20000p,200000b,200000s
<C:/Users/bav/AppData/Local/Programs/MiKTeX/fonts/type1/public/amsfonts/cm/cm
bx12.pfb><C:/Users/bav/AppData/Local/Programs/MiKTeX/fonts/type1/public/amsfont
s/cm/cmmi10.pfb><C:/Users/bav/AppData/Local/Programs/MiKTeX/fonts/type1/public/
amsfonts/cm/cmmi7.pfb><C:/Users/bav/AppData/Local/Programs/MiKTeX/fonts/type1/p
ublic/amsfonts/cm/cmr10.pfb>
Output written on plot_compilation.pdf (2 pages, 53161 bytes).
PDF statistics:
 44 PDF objects out of 1000 (max. 8388607)
 10 named destinations out of 1000 (max. 500000)
 1 words of extra memory for PDF output out of 10000 (max. 10000000)

